Performing C SOURCE FILE Test CMAKE_HAVE_LIBC_PTHREAD failed with the following output:
Change Dir: /workspace/record_utils/e2TS/build/CMakeFiles/CMakeTmp

Run Build Command(s):/usr/bin/make -f Makefile cmTC_94f84/fast && /usr/bin/make  -f CMakeFiles/cmTC_94f84.dir/build.make CMakeFiles/cmTC_94f84.dir/build
make[1]: Entering directory '/workspace/record_utils/e2TS/build/CMakeFiles/CMakeTmp'
Building C object CMakeFiles/cmTC_94f84.dir/src.c.o
/usr/bin/cc -DCMAKE_HAVE_LIBC_PTHREAD   -o CMakeFiles/cmTC_94f84.dir/src.c.o -c /workspace/record_utils/e2TS/build/CMakeFiles/CMakeTmp/src.c
Linking C executable cmTC_94f84
/usr/bin/cmake -E cmake_link_script CMakeFiles/cmTC_94f84.dir/link.txt --verbose=1
/usr/bin/cc -rdynamic CMakeFiles/cmTC_94f84.dir/src.c.o -o cmTC_94f84 
/usr/bin/ld: CMakeFiles/cmTC_94f84.dir/src.c.o: in function `main':
src.c:(.text+0x46): undefined reference to `pthread_create'
/usr/bin/ld: src.c:(.text+0x52): undefined reference to `pthread_detach'
/usr/bin/ld: src.c:(.text+0x5e): undefined reference to `pthread_cancel'
/usr/bin/ld: src.c:(.text+0x6f): undefined reference to `pthread_join'
collect2: error: ld returned 1 exit status
make[1]: *** [CMakeFiles/cmTC_94f84.dir/build.make:99: cmTC_94f84] Error 1
make[1]: Leaving directory '/workspace/record_utils/e2TS/build/CMakeFiles/CMakeTmp'
make: *** [Makefile:127: cmTC_94f84/fast] Error 2


Source file was:
#include <pthread.h>

static void* test_func(void* data)
{
  return data;
}

int main(void)
{
  pthread_t thread;
  pthread_create(&thread, NULL, test_func, NULL);
  pthread_detach(thread);
  pthread_cancel(thread);
  pthread_join(thread, NULL);
  pthread_atfork(NULL, NULL, NULL);
  pthread_exit(NULL);

  return 0;
}

Determining if the function pthread_create exists in the pthreads failed with the following output:
Change Dir: /workspace/record_utils/e2TS/build/CMakeFiles/CMakeTmp

Run Build Command(s):/usr/bin/make -f Makefile cmTC_a2322/fast && /usr/bin/make  -f CMakeFiles/cmTC_a2322.dir/build.make CMakeFiles/cmTC_a2322.dir/build
make[1]: Entering directory '/workspace/record_utils/e2TS/build/CMakeFiles/CMakeTmp'
Building C object CMakeFiles/cmTC_a2322.dir/CheckFunctionExists.c.o
/usr/bin/cc   -DCHECK_FUNCTION_EXISTS=pthread_create -o CMakeFiles/cmTC_a2322.dir/CheckFunctionExists.c.o -c /usr/share/cmake-3.22/Modules/CheckFunctionExists.c
Linking C executable cmTC_a2322
/usr/bin/cmake -E cmake_link_script CMakeFiles/cmTC_a2322.dir/link.txt --verbose=1
/usr/bin/cc  -DCHECK_FUNCTION_EXISTS=pthread_create -rdynamic CMakeFiles/cmTC_a2322.dir/CheckFunctionExists.c.o -o cmTC_a2322  -lpthreads 
/usr/bin/ld: cannot find -lpthreads
collect2: error: ld returned 1 exit status
make[1]: *** [CMakeFiles/cmTC_a2322.dir/build.make:99: cmTC_a2322] Error 1
make[1]: Leaving directory '/workspace/record_utils/e2TS/build/CMakeFiles/CMakeTmp'
make: *** [Makefile:127: cmTC_a2322/fast] Error 2



